<?xml version="1.0" encoding="UTF-8"?>
<!-- Generated by org.testng.reporters.JUnitReportReporter -->
<testsuite hostname="LAPTOP-RT8DVNCG" name="dev8ebb.PatientWithBlankFields" tests="1" failures="0" timestamp="8 Apr 2022 12:50:58 GMT" time="38.258" errors="0">
  <testcase name="PatientWithBlankFields" time="38.258" classname="dev8ebb.PatientWithBlankFields"/>
</testsuite> <!-- dev8ebb.PatientWithBlankFields -->
