<?xml version="1.0" encoding="UTF-8"?>
<!-- Generated by org.testng.reporters.JUnitReportReporter -->
<testsuite hostname="LAPTOP-RT8DVNCG" name="dev8ebb.SerologyVerifyBgComponents" tests="1" failures="0" timestamp="13 Apr 2022 08:17:47 GMT" time="140.856" errors="0">
  <testcase name="SerologyVerifyBgComponents" time="140.856" classname="dev8ebb.SerologyVerifyBgComponents"/>
</testsuite> <!-- dev8ebb.SerologyVerifyBgComponents -->
