<?xml version="1.0" encoding="UTF-8"?>
<!-- Generated by org.testng.reporters.JUnitReportReporter -->
<testsuite hostname="LAPTOP-RT8DVNCG" name="dev8ebb.SerologyComponentsVerifyBg" tests="1" failures="0" timestamp="13 Apr 2022 08:09:29 GMT" time="145.312" errors="0">
  <testcase name="SerologyComponentsVerifyBg" time="145.312" classname="dev8ebb.SerologyComponentsVerifyBg"/>
</testsuite> <!-- dev8ebb.SerologyComponentsVerifyBg -->
