<?xml version="1.0" encoding="UTF-8"?>
<!-- Generated by org.testng.reporters.JUnitReportReporter -->
<testsuite hostname="LAPTOP-RT8DVNCG" name="dev8ebb.VerifyBgSerologyComponents" tests="1" failures="0" timestamp="13 Apr 2022 10:16:42 GMT" time="129.754" errors="0">
  <testcase name="VerifyBgSerologyComponents" time="129.754" classname="dev8ebb.VerifyBgSerologyComponents"/>
</testsuite> <!-- dev8ebb.VerifyBgSerologyComponents -->
