<?xml version="1.0" encoding="UTF-8"?>
<!-- Generated by org.testng.reporters.JUnitReportReporter -->
<testsuite hostname="LAPTOP-RT8DVNCG" name="dev8ebb.blankfields" tests="1" failures="0" timestamp="7 Apr 2022 04:20:03 GMT" time="88.565" errors="0">
  <testcase name="blankfields" time="88.565" classname="dev8ebb.blankfields"/>
</testsuite> <!-- dev8ebb.blankfields -->
