<?xml version="1.0" encoding="UTF-8"?>
<!-- Generated by org.testng.reporters.JUnitReportReporter -->
<testsuite hostname="LAPTOP-RT8DVNCG" name="dev8ebb.VerifySerologyEnabled" tests="1" failures="0" timestamp="8 Apr 2022 12:39:22 GMT" time="137.222" errors="0">
  <testcase name="VerifySerologyEnabled" time="137.222" classname="dev8ebb.VerifySerologyEnabled"/>
</testsuite> <!-- dev8ebb.VerifySerologyEnabled -->
