<?xml version="1.0" encoding="UTF-8"?>
<!-- Generated by org.testng.reporters.JUnitReportReporter -->
<testsuite hostname="LAPTOP-RT8DVNCG" name="dev8ebb.blankfields" tests="1" failures="0" timestamp="2 Dec 2021 05:21:46 GMT" time="58.705" errors="0">
  <testcase name="BlankFields" time="58.705" classname="dev8ebb.blankfields"/>
</testsuite> <!-- dev8ebb.blankfields -->
