<?xml version="1.0" encoding="UTF-8"?>
<!-- Generated by org.testng.reporters.JUnitReportReporter -->
<testsuite hostname="LAPTOP-RT8DVNCG" name="dev8ebb.Patient" tests="1" failures="0" timestamp="8 Apr 2022 12:47:28 GMT" time="50.183" errors="0">
  <testcase name="Patient" time="50.183" classname="dev8ebb.Patient"/>
</testsuite> <!-- dev8ebb.Patient -->
