<?xml version="1.0" encoding="UTF-8"?>
<!-- Generated by org.testng.reporters.JUnitReportReporter -->
<testsuite hostname="LAPTOP-RT8DVNCG" name="dev8ebb.BP" tests="1" failures="0" timestamp="7 Apr 2022 04:24:30 GMT" time="124.311" errors="0">
  <testcase name="BP" time="124.311" classname="dev8ebb.BP"/>
</testsuite> <!-- dev8ebb.BP -->
