<?xml version="1.0" encoding="UTF-8"?>
<!-- Generated by org.testng.reporters.JUnitReportReporter -->
<testsuite hostname="LAPTOP-RT8DVNCG" name="dev8ebb.RegIdasBagnumberFull" tests="1" failures="0" timestamp="13 Apr 2022 06:09:01 GMT" time="103.561" errors="0">
  <testcase name="RegIdasBagnumberFull" time="103.561" classname="dev8ebb.RegIdasBagnumberFull"/>
</testsuite> <!-- dev8ebb.RegIdasBagnumberFull -->
