<?xml version="1.0" encoding="UTF-8"?>
<!-- Generated by org.testng.reporters.JUnitReportReporter -->
<testsuite hostname="LAPTOP-RT8DVNCG" name="dev8ebb.BP" tests="1" failures="0" timestamp="8 Apr 2022 07:58:56 GMT" time="108.838" errors="0">
  <testcase name="BP" time="108.838" classname="dev8ebb.BP"/>
</testsuite> <!-- dev8ebb.BP -->
