<?xml version="1.0" encoding="UTF-8"?>
<!-- Generated by org.testng.reporters.JUnitReportReporter -->
<testsuite hostname="LAPTOP-RT8DVNCG" name="dev8ebb.SerologyVerifySerologyComponents" tests="1" failures="0" timestamp="13 Apr 2022 09:40:10 GMT" time="140.244" errors="0">
  <testcase name="SerologyVerifySerologyComponents" time="140.244" classname="dev8ebb.SerologyVerifySerologyComponents"/>
</testsuite> <!-- dev8ebb.SerologyVerifySerologyComponents -->
