<?xml version="1.0" encoding="UTF-8"?>
<!-- Generated by org.testng.reporters.JUnitReportReporter -->
<testsuite hostname="LAPTOP-RT8DVNCG" name="dev8ebb.Age" tests="1" failures="0" timestamp="7 Apr 2022 04:17:36 GMT" time="102.639" errors="0">
  <testcase name="Age" time="102.639" classname="dev8ebb.Age"/>
</testsuite> <!-- dev8ebb.Age -->
