<?xml version="1.0" encoding="UTF-8"?>
<!-- Generated by org.testng.reporters.JUnitReportReporter -->
<testsuite hostname="LAPTOP-RT8DVNCG" name="dev8ebb.NonmandatoryBloodgroupPartial" tests="1" failures="0" timestamp="8 Apr 2022 11:46:47 GMT" time="108.138" errors="0">
  <testcase name="NonmandatoryBloodgroupPartial" time="108.138" classname="dev8ebb.NonmandatoryBloodgroupPartial"/>
</testsuite> <!-- dev8ebb.NonmandatoryBloodgroupPartial -->
