<?xml version="1.0" encoding="UTF-8"?>
<!-- Generated by org.testng.reporters.JUnitReportReporter -->
<testsuite hostname="LAPTOP-RT8DVNCG" name="dev8ebb.NonMandatoryBloodGroupFull" tests="1" failures="0" timestamp="8 Apr 2022 11:18:18 GMT" time="111.039" errors="0">
  <testcase name="NonMandatoryBloodGroupFull" time="111.039" classname="dev8ebb.NonMandatoryBloodGroupFull"/>
</testsuite> <!-- dev8ebb.NonMandatoryBloodGroupFull -->
