<?xml version="1.0" encoding="UTF-8"?>
<!-- Generated by org.testng.reporters.JUnitReportReporter -->
<testsuite hostname="LAPTOP-RT8DVNCG" name="dev8ebb.campblank" tests="1" failures="0" timestamp="8 Apr 2022 08:02:12 GMT" time="94.807" errors="0">
  <testcase name="campblank" time="94.807" classname="dev8ebb.campblank"/>
</testsuite> <!-- dev8ebb.campblank -->
