<?xml version="1.0" encoding="UTF-8"?>
<!-- Generated by org.testng.reporters.JUnitReportReporter -->
<testsuite hostname="LAPTOP-RT8DVNCG" name="dev8ebb.VerifyBgSerologyVerifySerologyComponents" tests="1" failures="0" timestamp="13 Apr 2022 11:05:26 GMT" time="131.604" errors="0">
  <testcase name="VerifyBgSerologyVerifySerologyComponents" time="131.604" classname="dev8ebb.VerifyBgSerologyVerifySerologyComponents"/>
</testsuite> <!-- dev8ebb.VerifyBgSerologyVerifySerologyComponents -->
