<?xml version="1.0" encoding="UTF-8"?>
<!-- Generated by org.testng.reporters.JUnitReportReporter -->
<testsuite hostname="LAPTOP-RT8DVNCG" name="dev8ebb.CrossmatchWithMismatchBloodGroup" tests="1" failures="0" timestamp="8 Apr 2022 09:50:23 GMT" time="177.126" errors="0">
  <testcase name="CrossmatchWithMismatchBloodGroup" time="177.126" classname="dev8ebb.CrossmatchWithMismatchBloodGroup"/>
</testsuite> <!-- dev8ebb.CrossmatchWithMismatchBloodGroup -->
