<?xml version="1.0" encoding="UTF-8"?>
<!-- Generated by org.testng.reporters.JUnitReportReporter -->
<testsuite hostname="LAPTOP-RT8DVNCG" name="dev8ebb.Age" tests="1" failures="0" timestamp="26 Apr 2022 06:10:38 GMT" time="90.816" errors="0">
  <testcase name="Age" time="90.816" classname="dev8ebb.Age"/>
</testsuite> <!-- dev8ebb.Age -->
