<?xml version="1.0" encoding="UTF-8"?>
<!-- Generated by org.testng.reporters.JUnitReportReporter -->
<testsuite hostname="LAPTOP-RT8DVNCG" name="dev8ebb.Age" tests="1" failures="0" timestamp="8 Apr 2022 07:58:56 GMT" time="109.730" errors="0">
  <testcase name="Age" time="109.730" classname="dev8ebb.Age"/>
</testsuite> <!-- dev8ebb.Age -->
