<?xml version="1.0" encoding="UTF-8"?>
<!-- Generated by org.testng.reporters.JUnitReportReporter -->
<testsuite hostname="LAPTOP-RT8DVNCG" name="dev8ebb.VerifySerologyDisabled" tests="1" failures="0" timestamp="8 Apr 2022 12:58:42 GMT" time="141.941" errors="0">
  <testcase name="VerifySerologyDisabled" time="141.941" classname="dev8ebb.VerifySerologyDisabled"/>
</testsuite> <!-- dev8ebb.VerifySerologyDisabled -->
