<?xml version="1.0" encoding="UTF-8"?>
<!-- Generated by org.testng.reporters.JUnitReportReporter -->
<testsuite hostname="LAPTOP-RT8DVNCG" name="dev8ebb.End" tests="1" failures="0" timestamp="7 Apr 2022 05:05:06 GMT" time="190.581" errors="0">
  <testcase name="CreatePatientBillWithoutAddingItem" time="190.581" classname="dev8ebb.End"/>
</testsuite> <!-- dev8ebb.End -->
