<?xml version="1.0" encoding="UTF-8"?>
<!-- Generated by org.testng.reporters.JUnitReportReporter -->
<testsuite hostname="LAPTOP-RT8DVNCG" name="dev8ebb.campblank" tests="1" failures="0" timestamp="26 Apr 2022 07:56:45 GMT" time="82.574" errors="0">
  <testcase name="campblank" time="82.574" classname="dev8ebb.campblank"/>
</testsuite> <!-- dev8ebb.campblank -->
