<?xml version="1.0" encoding="UTF-8"?>
<!-- Generated by org.testng.reporters.JUnitReportReporter -->
<testsuite hostname="LAPTOP-RT8DVNCG" name="dev8ebb.RegIdAsBagNumberPartial" tests="1" failures="0" timestamp="13 Apr 2022 06:52:15 GMT" time="110.569" errors="0">
  <testcase name="RegIdAsBagNumberPartial" time="110.569" classname="dev8ebb.RegIdAsBagNumberPartial"/>
</testsuite> <!-- dev8ebb.RegIdAsBagNumberPartial -->
