<?xml version="1.0" encoding="UTF-8"?>
<!-- Generated by org.testng.reporters.JUnitReportReporter -->
<testsuite hostname="LAPTOP-RT8DVNCG" name="dev8ebb.FutherDateOfCollection" tests="1" failures="0" timestamp="8 Apr 2022 10:05:32 GMT" time="98.000" errors="0">
  <testcase name="FutherDateOfCollection" time="98.000" classname="dev8ebb.FutherDateOfCollection"/>
</testsuite> <!-- dev8ebb.FutherDateOfCollection -->
