<?xml version="1.0" encoding="UTF-8"?>
<!-- Generated by org.testng.reporters.JUnitReportReporter -->
<testsuite hostname="LAPTOP-RT8DVNCG" name="dev8ebb.CreatePatientBillWithoutAddingItem" tests="1" failures="0" timestamp="7 Apr 2022 05:33:42 GMT" time="186.151" errors="0">
  <testcase name="CreatePatientBillWithoutAddingItem" time="186.151" classname="dev8ebb.CreatePatientBillWithoutAddingItem"/>
</testsuite> <!-- dev8ebb.CreatePatientBillWithoutAddingItem -->
