<?xml version="1.0" encoding="UTF-8"?>
<!-- Generated by org.testng.reporters.JUnitReportReporter -->
<testsuite hostname="LAPTOP-RT8DVNCG" name="dev8ebb.verifyBloodGroupIsDisabled" tests="1" failures="0" timestamp="13 Apr 2022 11:00:28 GMT" time="137.587" errors="0">
  <testcase name="verifyBloodGroupIsDisabled" time="137.587" classname="dev8ebb.verifyBloodGroupIsDisabled"/>
</testsuite> <!-- dev8ebb.verifyBloodGroupIsDisabled -->
