<?xml version="1.0" encoding="UTF-8"?>
<!-- Generated by org.testng.reporters.JUnitReportReporter -->
<testsuite hostname="LAPTOP-RT8DVNCG" name="dev8ebb.ClosePatientRequestWithoutCrossmatch" tests="1" failures="0" timestamp="26 Apr 2022 08:12:16 GMT" time="54.286" errors="0">
  <testcase name="ClosePatientRequestWithoutCrossmatch" time="54.286" classname="dev8ebb.ClosePatientRequestWithoutCrossmatch"/>
</testsuite> <!-- dev8ebb.ClosePatientRequestWithoutCrossmatch -->
