<?xml version="1.0" encoding="UTF-8"?>
<!-- Generated by org.testng.reporters.JUnitReportReporter -->
<testsuite hostname="LAPTOP-RT8DVNCG" name="dev8ebb.PartialDonor" tests="1" failures="0" timestamp="8 Apr 2022 12:45:48 GMT" time="243.317" errors="0">
  <testcase name="PartialDonor" time="243.317" classname="dev8ebb.PartialDonor"/>
</testsuite> <!-- dev8ebb.PartialDonor -->
