<?xml version="1.0" encoding="UTF-8"?>
<!-- Generated by org.testng.reporters.JUnitReportReporter -->
<testsuite hostname="LAPTOP-RT8DVNCG" name="dev8ebb.blankfields" tests="1" failures="0" timestamp="8 Apr 2022 07:58:56 GMT" time="98.335" errors="0">
  <testcase name="blankfields" time="98.335" classname="dev8ebb.blankfields"/>
</testsuite> <!-- dev8ebb.blankfields -->
