<?xml version="1.0" encoding="UTF-8"?>
<!-- Generated by org.testng.reporters.JUnitReportReporter -->
<testsuite hostname="LAPTOP-RT8DVNCG" name="dev8ebb.CrossmatchWithComponentVolumnNotPresent" tests="1" failures="0" timestamp="8 Apr 2022 08:41:35 GMT" time="175.946" errors="0">
  <testcase name="crossmatch" time="175.946" classname="dev8ebb.CrossmatchWithComponentVolumnNotPresent"/>
</testsuite> <!-- dev8ebb.CrossmatchWithComponentVolumnNotPresent -->
