<?xml version="1.0" encoding="UTF-8"?>
<!-- Generated by org.testng.reporters.JUnitReportReporter -->
<testsuite hostname="LAPTOP-RT8DVNCG" name="dev8ebb.SerologyVerifySeroloVerifyBgCompone" tests="1" failures="0" timestamp="13 Apr 2022 09:48:40 GMT" time="137.379" errors="0">
  <testcase name="SerologyVerifySeroloVerifyBgCompone" time="137.379" classname="dev8ebb.SerologyVerifySeroloVerifyBgCompone"/>
</testsuite> <!-- dev8ebb.SerologyVerifySeroloVerifyBgCompone -->
