<?xml version="1.0" encoding="UTF-8"?>
<!-- Generated by org.testng.reporters.JUnitReportReporter -->
<testsuite hostname="LAPTOP-RT8DVNCG" name="dev8ebb.crossmatch" tests="1" failures="0" timestamp="8 Apr 2022 08:37:25 GMT" time="181.238" errors="0">
  <testcase name="crossmatch" time="181.238" classname="dev8ebb.crossmatch"/>
</testsuite> <!-- dev8ebb.crossmatch -->
