<?xml version="1.0" encoding="UTF-8"?>
<!-- Generated by org.testng.reporters.JUnitReportReporter -->
<testsuite hostname="LAPTOP-RT8DVNCG" name="dev8ebb.SerologyVerifySeroCompoVerifyBg" tests="1" failures="0" timestamp="13 Apr 2022 08:21:38 GMT" time="140.821" errors="0">
  <testcase name="SerologyVerifySeroCompoVerifyBg" time="140.821" classname="dev8ebb.SerologyVerifySeroCompoVerifyBg"/>
</testsuite> <!-- dev8ebb.SerologyVerifySeroCompoVerifyBg -->
