<?xml version="1.0" encoding="UTF-8"?>
<!-- Generated by org.testng.reporters.JUnitReportReporter -->
<testsuite hostname="LAPTOP-RT8DVNCG" name="dev8ebb.ClosePatientRequestWithoutCrossmatch" tests="1" failures="0" timestamp="12 Apr 2022 12:45:58 GMT" time="50.266" errors="0">
  <testcase name="ClosePatientRequestWithoutCrossmatch" time="50.266" classname="dev8ebb.ClosePatientRequestWithoutCrossmatch"/>
</testsuite> <!-- dev8ebb.ClosePatientRequestWithoutCrossmatch -->
