<?xml version="1.0" encoding="UTF-8"?>
<!-- Generated by org.testng.reporters.JUnitReportReporter -->
<testsuite hostname="LAPTOP-RT8DVNCG" name="dev8ebb.ComponentsSerologyVerifyBg" tests="1" failures="0" timestamp="26 Apr 2022 08:18:40 GMT" time="139.929" errors="0">
  <testcase name="ComponentsSerologyVerifyBg" time="139.929" classname="dev8ebb.ComponentsSerologyVerifyBg"/>
</testsuite> <!-- dev8ebb.ComponentsSerologyVerifyBg -->
