<?xml version="1.0" encoding="UTF-8"?>
<!-- Generated by org.testng.reporters.JUnitReportReporter -->
<testsuite hostname="LAPTOP-RT8DVNCG" name="dev8ebb.VerifyBgComponentsSerology" tests="1" failures="0" timestamp="13 Apr 2022 10:08:23 GMT" time="138.655" errors="0">
  <testcase name="VerifyBgComponentsSerology" time="138.655" classname="dev8ebb.VerifyBgComponentsSerology"/>
</testsuite> <!-- dev8ebb.VerifyBgComponentsSerology -->
