<?xml version="1.0" encoding="UTF-8"?>
<!-- Generated by org.testng.reporters.JUnitReportReporter -->
<testsuite hostname="LAPTOP-RT8DVNCG" name="dev8ebb.BP" tests="1" failures="0" timestamp="26 Apr 2022 06:31:30 GMT" time="89.262" errors="0">
  <testcase name="BP" time="89.262" classname="dev8ebb.BP"/>
</testsuite> <!-- dev8ebb.BP -->
