<?xml version="1.0" encoding="UTF-8"?>
<!-- Generated by org.testng.reporters.JUnitReportReporter -->
<testsuite hostname="LAPTOP-RT8DVNCG" name="dev8ebb.campblank" tests="1" failures="0" timestamp="12 Apr 2022 12:27:33 GMT" time="103.280" errors="0">
  <testcase name="campblank" time="103.280" classname="dev8ebb.campblank"/>
</testsuite> <!-- dev8ebb.campblank -->
