<?xml version="1.0" encoding="UTF-8"?>
<!-- Generated by org.testng.reporters.JUnitReportReporter -->
<testsuite hostname="LAPTOP-RT8DVNCG" name="dev8ebb.blankfields" tests="1" failures="0" timestamp="12 Apr 2022 12:27:33 GMT" time="97.092" errors="0">
  <testcase name="blankfields" time="97.092" classname="dev8ebb.blankfields"/>
</testsuite> <!-- dev8ebb.blankfields -->
