<?xml version="1.0" encoding="UTF-8"?>
<!-- Generated by org.testng.reporters.JUnitReportReporter -->
<testsuite hostname="LAPTOP-RT8DVNCG" name="dev8ebb.crossmatchwithdifferentbloodGroup" tests="1" failures="0" timestamp="8 Apr 2022 08:45:46 GMT" time="174.645" errors="0">
  <testcase name="crossmatchwithdifferentbloodGroup" time="174.645" classname="dev8ebb.crossmatchwithdifferentbloodGroup"/>
</testsuite> <!-- dev8ebb.crossmatchwithdifferentbloodGroup -->
