<?xml version="1.0" encoding="UTF-8"?>
<!-- Generated by org.testng.reporters.JUnitReportReporter -->
<testsuite hostname="LAPTOP-RT8DVNCG" name="dev8ebb.checkeligibility" tests="1" failures="0" timestamp="8 Apr 2022 07:58:56 GMT" time="102.294" errors="0">
  <testcase name="checkeligibility" time="102.294" classname="dev8ebb.checkeligibility"/>
</testsuite> <!-- dev8ebb.checkeligibility -->
