<?xml version="1.0" encoding="UTF-8"?>
<!-- Generated by org.testng.reporters.JUnitReportReporter -->
<testsuite hostname="LAPTOP-RT8DVNCG" name="dev8ebb.Hb" tests="1" failures="0" timestamp="8 Apr 2022 10:19:09 GMT" time="94.144" errors="0">
  <testcase name="Hb" time="94.144" classname="dev8ebb.Hb"/>
</testsuite> <!-- dev8ebb.Hb -->
