<?xml version="1.0" encoding="UTF-8"?>
<!-- Generated by org.testng.reporters.JUnitReportReporter -->
<testsuite hostname="LAPTOP-RT8DVNCG" name="dev8ebb.BP" tests="1" failures="0" timestamp="12 Apr 2022 12:27:33 GMT" time="112.431" errors="0">
  <testcase name="BP" time="112.431" classname="dev8ebb.BP"/>
</testsuite> <!-- dev8ebb.BP -->
