<?xml version="1.0" encoding="UTF-8"?>
<!-- Generated by org.testng.reporters.JUnitReportReporter -->
<testsuite hostname="LAPTOP-RT8DVNCG" name="dev8ebb.checkeligibility" tests="1" failures="0" timestamp="26 Apr 2022 08:08:52 GMT" time="102.699" errors="0">
  <testcase name="checkeligibility" time="102.699" classname="dev8ebb.checkeligibility"/>
</testsuite> <!-- dev8ebb.checkeligibility -->
