<?xml version="1.0" encoding="UTF-8"?>
<!-- Generated by org.testng.reporters.JUnitReportReporter -->
<testsuite hostname="LAPTOP-RT8DVNCG" name="dev8ebb.issueReserve" tests="1" failures="0" timestamp="8 Apr 2022 10:30:13 GMT" time="183.512" errors="0">
  <testcase name="issueReserve" time="183.512" classname="dev8ebb.issueReserve"/>
</testsuite> <!-- dev8ebb.issueReserve -->
