<?xml version="1.0" encoding="UTF-8"?>
<!-- Generated by org.testng.reporters.JUnitReportReporter -->
<testsuite hostname="LAPTOP-RT8DVNCG" name="dev8ebb.crossmatch" tests="1" failures="0" timestamp="26 Apr 2022 08:29:38 GMT" time="185.112" errors="0">
  <testcase name="crossmatch" time="185.112" classname="dev8ebb.crossmatch"/>
</testsuite> <!-- dev8ebb.crossmatch -->
