<?xml version="1.0" encoding="UTF-8"?>
<!-- Generated by org.testng.reporters.JUnitReportReporter -->
<testsuite hostname="LAPTOP-RT8DVNCG" name="dev8ebb.campblank" tests="1" failures="0" timestamp="7 Apr 2022 04:26:37 GMT" time="89.740" errors="0">
  <testcase name="campblank" time="89.740" classname="dev8ebb.campblank"/>
</testsuite> <!-- dev8ebb.campblank -->
