<?xml version="1.0" encoding="UTF-8"?>
<!-- Generated by org.testng.reporters.JUnitReportReporter -->
<testsuite hostname="LAPTOP-RT8DVNCG" name="dev8ebb.PatientWithBlankFields" tests="1" failures="0" timestamp="13 Apr 2022 04:41:21 GMT" time="42.311" errors="0">
  <testcase name="PatientWithBlankFields" time="42.311" classname="dev8ebb.PatientWithBlankFields"/>
</testsuite> <!-- dev8ebb.PatientWithBlankFields -->
