<?xml version="1.0" encoding="UTF-8"?>
<!-- Generated by org.testng.reporters.JUnitReportReporter -->
<testsuite hostname="LAPTOP-RT8DVNCG" name="dev8ebb.VerifyBloodGroup" tests="1" failures="0" timestamp="13 Apr 2022 10:38:45 GMT" time="127.007" errors="0">
  <testcase name="VerifyBloodGroup" time="127.007" classname="dev8ebb.VerifyBloodGroup"/>
</testsuite> <!-- dev8ebb.VerifyBloodGroup -->
