<?xml version="1.0" encoding="UTF-8"?>
<!-- Generated by org.testng.reporters.JUnitReportReporter -->
<testsuite hostname="LAPTOP-RT8DVNCG" name="dev8ebb.CrossmatchWithExpiredComponent" tests="1" failures="0" timestamp="8 Apr 2022 08:47:37 GMT" time="36.077" errors="0">
  <testcase name="CrossmatchWithExpiredComponent" time="36.077" classname="dev8ebb.CrossmatchWithExpiredComponent"/>
</testsuite> <!-- dev8ebb.CrossmatchWithExpiredComponent -->
