<?xml version="1.0" encoding="UTF-8"?>
<!-- Generated by org.testng.reporters.JUnitReportReporter -->
<testsuite hostname="LAPTOP-RT8DVNCG" name="dev8ebb.serlogyasPositive" tests="1" failures="0" timestamp="13 Apr 2022 07:02:08 GMT" time="143.956" errors="0">
  <testcase name="serlogyasPositive" time="143.956" classname="dev8ebb.serlogyasPositive"/>
</testsuite> <!-- dev8ebb.serlogyasPositive -->
