<?xml version="1.0" encoding="UTF-8"?>
<!-- Generated by org.testng.reporters.JUnitReportReporter -->
<testsuite hostname="LAPTOP-RT8DVNCG" name="dev8ebb.ClosePatientRequestWithoutCrossmatch" tests="1" failures="0" timestamp="8 Apr 2022 08:03:52 GMT" time="57.570" errors="0">
  <testcase name="ClosePatientRequestWithoutCrossmatch" time="57.570" classname="dev8ebb.ClosePatientRequestWithoutCrossmatch"/>
</testsuite> <!-- dev8ebb.ClosePatientRequestWithoutCrossmatch -->
