<?xml version="1.0" encoding="UTF-8"?>
<!-- Generated by org.testng.reporters.JUnitReportReporter -->
<testsuite hostname="LAPTOP-RT8DVNCG" name="dev8ebb.blankfields" tests="1" failures="0" timestamp="26 Apr 2022 06:07:28 GMT" time="86.707" errors="0">
  <testcase name="blankfields" time="86.707" classname="dev8ebb.blankfields"/>
</testsuite> <!-- dev8ebb.blankfields -->
