<?xml version="1.0" encoding="UTF-8"?>
<!-- Generated by org.testng.reporters.JUnitReportReporter -->
<testsuite hostname="LAPTOP-RT8DVNCG" name="dev8ebb.DiscardDonor" tests="1" failures="0" timestamp="8 Apr 2022 09:58:31 GMT" time="103.914" errors="0">
  <testcase name="DiscardDonor" time="103.914" classname="dev8ebb.DiscardDonor"/>
</testsuite> <!-- dev8ebb.DiscardDonor -->
