<?xml version="1.0" encoding="UTF-8"?>
<!-- Generated by org.testng.reporters.JUnitReportReporter -->
<testsuite hostname="LAPTOP-RT8DVNCG" name="dev8ebb.CreatePatientBillWithoutAddingItem" tests="1" failures="0" timestamp="8 Apr 2022 08:31:39 GMT" time="190.705" errors="0">
  <testcase name="CreatePatientBillWithoutAddingItem" time="190.705" classname="dev8ebb.CreatePatientBillWithoutAddingItem"/>
</testsuite> <!-- dev8ebb.CreatePatientBillWithoutAddingItem -->
