<?xml version="1.0" encoding="UTF-8"?>
<!-- Generated by org.testng.reporters.JUnitReportReporter -->
<testsuite hostname="LAPTOP-RT8DVNCG" name="dev8ebb.blankfields" tests="1" failures="0" timestamp="11 Dec 2021 12:01:51 GMT" time="37.529" errors="0">
  <testcase name="BlankFields" time="37.529" classname="dev8ebb.blankfields"/>
</testsuite> <!-- dev8ebb.blankfields -->
