<?xml version="1.0" encoding="UTF-8"?>
<!-- Generated by org.testng.reporters.JUnitReportReporter -->
<testsuite hostname="LAPTOP-RT8DVNCG" name="dev8ebb.checkeligibility" tests="1" failures="0" timestamp="12 Apr 2022 12:27:32 GMT" time="129.721" errors="0">
  <testcase name="checkeligibility" time="129.721" classname="dev8ebb.checkeligibility"/>
</testsuite> <!-- dev8ebb.checkeligibility -->
