<?xml version="1.0" encoding="UTF-8"?>
<!-- Generated by org.testng.reporters.JUnitReportReporter -->
<testsuite hostname="LAPTOP-RT8DVNCG" name="dev8ebb.SerologyWithoutTechnician" tests="1" failures="0" timestamp="13 Apr 2022 09:56:14 GMT" time="122.681" errors="0">
  <testcase name="SerologyWithoutTechnician" time="122.681" classname="dev8ebb.SerologyWithoutTechnician"/>
</testsuite> <!-- dev8ebb.SerologyWithoutTechnician -->
