<?xml version="1.0" encoding="UTF-8"?>
<!-- Generated by org.testng.reporters.JUnitReportReporter -->
<testsuite hostname="LAPTOP-RT8DVNCG" name="dev8ebb.NocrossmatchForCryoPlt" tests="1" failures="0" timestamp="8 Apr 2022 10:34:39 GMT" time="169.422" errors="0">
  <testcase name="NocrossmatchForCryoPlt" time="169.422" classname="dev8ebb.NocrossmatchForCryoPlt"/>
</testsuite> <!-- dev8ebb.NocrossmatchForCryoPlt -->
